\BOOKMARK [0][-]{chapter.1}{\376\377\176\277\140\047\172\172\225\364}{}% 1
\BOOKMARK [1][-]{section.1.1}{\376\377\176\277\140\047\172\172\225\364\166\204\133\232\116\111}{chapter.1}% 2
\BOOKMARK [2][-]{subsection.1.1.1}{\376\377\176\277\140\047\172\172\225\364\166\204\133\232\116\111}{section.1.1}% 3
\BOOKMARK [2][-]{subsection.1.1.2}{\376\377\176\277\140\047\133\120\172\172\225\364}{section.1.1}% 4
\BOOKMARK [2][-]{subsection.1.1.3}{\376\377\176\277\140\047\172\172\225\364\166\204\140\047\215\050}{section.1.1}% 5
\BOOKMARK [1][-]{section.1.2}{\376\377\176\277\140\047\176\304\124\010}{chapter.1}% 6
\BOOKMARK [1][-]{section.1.3}{\376\377\147\201\131\047\176\277\140\047\145\340\121\163\124\021\221\317\176\304\060\001\124\021\221\317\176\304\166\204\171\351}{chapter.1}% 7
\BOOKMARK [1][-]{section.1.4}{\376\377\127\372\060\001\176\277\140\047\172\172\225\364\166\204\176\364\145\160}{chapter.1}% 8
\BOOKMARK [1][-]{section.1.5}{\376\377\176\277\140\047\133\120\172\172\225\364\166\204\166\364\124\214}{chapter.1}% 9
\BOOKMARK [1][-]{section.1.6}{\376\377\176\277\140\047\172\172\225\364\166\204\124\014\147\204}{chapter.1}% 10
\BOOKMARK [1][-]{section.1.7}{\376\377\125\106\172\172\225\364}{chapter.1}% 11
\BOOKMARK [0][-]{chapter.2}{\376\377\167\351\226\065}{}% 12
\BOOKMARK [1][-]{section.2.1}{\376\377\167\351\226\065\166\204\133\232\116\111\124\214\217\320\173\227}{chapter.2}% 13
\BOOKMARK [1][-]{section.2.2}{\376\377\167\351\226\065\166\204\210\114\122\027\137\017}{chapter.2}% 14
\BOOKMARK [1][-]{section.2.3}{\376\377\167\351\226\065\166\204\122\035\173\111\123\330\143\142\060\001\176\277\140\047\145\271\172\013\176\304\166\204\211\343}{chapter.2}% 15
\BOOKMARK [1][-]{section.2.4}{\376\377\123\357\220\006\167\351\226\065}{chapter.2}% 16
\BOOKMARK [1][-]{section.2.5}{\376\377\167\351\226\065\166\204\122\006\127\127}{chapter.2}% 17
\BOOKMARK [0][-]{chapter.3}{\376\377\176\277\140\047\146\040\134\004}{}% 18
\BOOKMARK [1][-]{section.3.1}{\376\377\176\277\140\047\146\040\134\004\166\204\133\232\116\111\116\016\140\047\215\050}{chapter.3}% 19
\BOOKMARK [1][-]{section.3.2}{\376\377\176\277\140\047\146\040\134\004\166\204\217\320\173\227}{chapter.3}% 20
\BOOKMARK [1][-]{section.3.3}{\376\377\176\277\140\047\146\040\134\004\166\204\150\070\124\214\120\317}{chapter.3}% 21
\BOOKMARK [1][-]{section.3.4}{\376\377\176\277\140\047\146\040\134\004\166\204\167\351\226\065}{chapter.3}% 22
\BOOKMARK [1][-]{section.3.5}{\376\377\176\277\140\047\146\040\134\004\166\204\162\171\137\201\120\074\124\214\162\171\137\201\124\021\221\317}{chapter.3}% 23
\BOOKMARK [1][-]{section.3.6}{\376\377\176\277\140\047\146\040\134\004\123\357\133\371\211\322\123\026\166\204\147\141\116\366}{chapter.3}% 24
\BOOKMARK [1][-]{section.3.7}{\376\377\201\352\117\064\173\227\133\120\124\214\153\143\211\304\173\227\133\120}{chapter.3}% 25
\BOOKMARK [1][-]{section.3.8}{\376\377\214\061\133\232\164\006}{chapter.3}% 26
\BOOKMARK [1][-]{section.3.9}{\376\377\176\277\140\047\146\040\134\004\166\204\116\015\123\330\133\120\172\172\225\364}{chapter.3}% 27
\BOOKMARK [1][-]{section.3.10}{\376\377\176\277\140\047\146\040\134\004\166\204\147\000\134\017\131\032\230\171\137\017}{chapter.3}% 28
\BOOKMARK [1][-]{section.3.11}{\376\377\176\277\140\047\146\040\134\004\166\204\000J\000o\000r\000d\000a\000n\150\007\121\306\137\142}{chapter.3}% 29
\BOOKMARK [1][-]{section.3.12}{\376\377\176\277\140\047\121\375\145\160\124\214\133\371\120\166\172\172\225\364}{chapter.3}% 30
\BOOKMARK [0][-]{chapter.4}{\376\377\131\032\221\315\176\277\140\047\146\040\134\004}{}% 31
\BOOKMARK [1][-]{section.4.1}{\376\377\000G\000a\000l\000o\000i\000s\177\244}{chapter.4}% 32
\BOOKMARK [0][-]{chapter.5}{\376\377\226\104\137\125}{}% 33
\BOOKMARK [1][-]{section.5.1}{\376\377\116\000\116\233\121\170\127\213\166\204\127\337}{chapter.5}% 34
\BOOKMARK [2][-]{subsection.5.1.1}{\376\377\000F\000p}{section.5.1}% 35
\BOOKMARK [2][-]{subsection.5.1.2}{\376\377\000Q}{section.5.1}% 36
