\BOOKMARK [0][-]{chapter.1}{\376\377\176\277\140\047\146\040\134\004\123\312\121\166\167\351\226\065}{}% 1
\BOOKMARK [1][-]{section.1.1}{\376\377\176\277\140\047\146\040\134\004\166\204\133\232\116\111\124\214\217\320\173\227}{chapter.1}% 2
\BOOKMARK [2][-]{subsection.1.1.1}{\376\377\176\277\140\047\146\040\134\004\166\204\133\232\116\111}{section.1.1}% 3
\BOOKMARK [2][-]{subsection.1.1.2}{\376\377\176\277\140\047\146\040\134\004\166\204\217\320\173\227}{section.1.1}% 4
\BOOKMARK [2][-]{subsection.1.1.3}{\376\377\176\277\140\047\146\040\134\004\166\204\140\047\215\050}{section.1.1}% 5
\BOOKMARK [1][-]{section.1.2}{\376\377\176\277\140\047\146\040\134\004\166\204\150\070\124\214\120\317}{chapter.1}% 6
\BOOKMARK [2][-]{subsection.1.2.1}{\376\377\150\070\116\016\120\317\166\204\133\232\116\111}{section.1.2}% 7
\BOOKMARK [2][-]{subsection.1.2.2}{\376\377\150\070\116\016\120\317\166\204\140\047\215\050}{section.1.2}% 8
\BOOKMARK [1][-]{section.1.3}{\376\377\167\351\226\065}{chapter.1}% 9
\BOOKMARK [2][-]{subsection.1.3.1}{\376\377\167\351\226\065\166\204\133\232\116\111}{section.1.3}% 10
\BOOKMARK [2][-]{subsection.1.3.2}{\376\377\167\351\226\065\166\204\217\320\173\227}{section.1.3}% 11
\BOOKMARK [2][-]{subsection.1.3.3}{\376\377\176\277\140\047\146\040\134\004\166\204\167\351\226\065}{section.1.3}% 12
\BOOKMARK [2][-]{subsection.1.3.4}{\376\377\167\351\226\065\166\204\140\047\215\050}{section.1.3}% 13
\BOOKMARK [1][-]{section.1.4}{\376\377\167\351\226\065\166\204\122\006\127\127}{chapter.1}% 14
\BOOKMARK [2][-]{subsection.1.4.1}{\376\377\122\006\127\127\167\351\226\065\166\204\133\232\116\111}{section.1.4}% 15
\BOOKMARK [2][-]{subsection.1.4.2}{\376\377\122\006\127\127\167\351\226\065\166\204\217\320\173\227}{section.1.4}% 16
\BOOKMARK [1][-]{section.1.5}{\376\377\162\171\153\212\167\351\226\065}{chapter.1}% 17
\BOOKMARK [1][-]{section.1.6}{\376\377\123\357\220\006\167\351\226\065}{chapter.1}% 18
\BOOKMARK [2][-]{subsection.1.6.1}{\376\377\123\357\220\006\167\351\226\065\166\204\133\232\116\111}{section.1.6}% 19
\BOOKMARK [2][-]{subsection.1.6.2}{\376\377\123\357\220\006\167\351\226\065\166\204\140\047\215\050}{section.1.6}% 20
\BOOKMARK [2][-]{subsection.1.6.3}{\376\377\217\307\156\041\167\351\226\065}{section.1.6}% 21
\BOOKMARK [2][-]{subsection.1.6.4}{\376\377\167\351\226\065\166\204\166\370\117\074}{section.1.6}% 22
\BOOKMARK [1][-]{section.1.7}{\376\377\217\371\124\214\210\114\122\027\137\017}{chapter.1}% 23
\BOOKMARK [2][-]{subsection.1.7.1}{\376\377\137\040\221\317\171\357}{section.1.7}% 24
\BOOKMARK [2][-]{subsection.1.7.2}{\376\377\137\040\221\317\124\214\131\026\171\357}{section.1.7}% 25
\BOOKMARK [2][-]{subsection.1.7.3}{\376\377\217\371}{section.1.7}% 26
\BOOKMARK [2][-]{subsection.1.7.4}{\376\377\210\114\122\027\137\017}{section.1.7}% 27
