mktexpk --mfmode / --bdpi 600 --mag 1+120/600 --dpi 720 unihei30
mktextfm LatinModernMath-Regular/OT
mktextfm LatinModernMath-Regular/OT
mktextfm LatinModernMath-Regular/OT
mktextfm LatinModernMath-Regular/B/OT
mktextfm LatinModernMath-Regular/OT
mktextfm LatinModernMath-Regular/OT
mktextfm LatinModernMath-Regular/OT
mktextfm LatinModernMath-Regular/OT
mktextfm LatinModernMath-Regular/OT
mktextfm LatinModernMath-Regular/OT
mktextfm LatinModernMath-Regular/B/OT
mktextfm LatinModernMath-Regular/OT
mktextfm LatinModernMath-Regular/OT
mktextfm LatinModernMath-Regular/OT
mktextfm LatinModernMath-Regular/OT
mktextfm LatinModernMath-Regular/OT
mktextfm TeXGyrePagellaMath-Regular/OT
mktextfm TeXGyrePagellaMath-Regular/OT
mktextfm TeXGyrePagellaMath-Regular/OT
mktextfm TeXGyrePagellaMath-Regular/B/OT
mktextfm TeXGyrePagellaMath-Regular/OT
mktextfm TeXGyrePagellaMath-Regular/OT
mktextfm TeXGyrePagellaMath-Regular/OT
mktextfm TeXGyrePagellaMath-Regular/OT
mktextfm TeXGyrePagellaMath-Regular/OT
mktextfm SimSun/OT
mktextfm SimSun/OT
mktextfm KaiTi/OT
mktextfm KaiTi/B/OT
mktextfm SimHei/OT
mktextfm SimHei/I/OT
mktextfm SimSun/OT
mktextfm SimSun/BI/OT
mktextfm SimSun/OT
mktextfm SimSun/OT
mktextfm SimHei/OT
mktextfm SimHei/OT
mktextfm KaiTi/OT
mktextfm KaiTi/OT
mktextfm SimHei/OT
mktextfm SimSun/OT
mktextfm SimHei/OT
mktextfm SimHei/OT
mktextfm SimHei/OT
mktextfm TeXGyrePagellaMath-Regular/OT
mktextfm TeXGyrePagellaMath-Regular/OT
mktextfm KaiTi/OT
mktextfm nullfont
mktextfm LatinModernMath/OT
mktextfm LatinModernMath/OT
mktextfm LatinModernMath/OT
mktextfm LatinModernMath/B/OT
mktextfm LatinModernMath/OT
mktextfm LatinModernMath/OT
mktextfm LatinModernMath/OT
mktextfm LatinModernMath/OT
mktextfm LatinModernMath/OT
mktextfm LatinModernMath/OT
mktextfm LatinModernMath/B/OT
mktextfm LatinModernMath/OT
mktextfm LatinModernMath/OT
mktextfm LatinModernMath/OT
mktextfm LatinModernMath/OT
mktextfm LatinModernMath/OT
mktextfm TeXGyrePagellaMath/OT
mktextfm TeXGyrePagellaMath/OT
mktextfm TeXGyrePagellaMath/OT
mktextfm TeXGyrePagellaMath/B/OT
mktextfm TeXGyrePagellaMath/OT
mktextfm TeXGyrePagellaMath/OT
mktextfm TeXGyrePagellaMath/OT
mktextfm TeXGyrePagellaMath/OT
mktextfm TeXGyrePagellaMath/OT
mktextfm SimSun/OT
mktextfm SimSun/OT
mktextfm KaiTi/OT
mktextfm KaiTi/B/OT
mktextfm SimHei/OT
mktextfm SimHei/I/OT
mktextfm SimSun/OT
mktextfm SimSun/BI/OT
mktextfm SimSun/OT
mktextfm SimSun/OT
mktextfm SimHei/OT
mktextfm SimHei/OT
mktextfm KaiTi/OT
mktextfm KaiTi/OT
mktextfm SimHei/OT
mktextfm SimSun/OT
mktextfm SimHei/OT
mktextfm SimHei/OT
mktextfm SimHei/OT
mktextfm TeXGyrePagellaMath/OT
mktextfm TeXGyrePagellaMath/OT
mktextfm KaiTi/OT
mktextfm nullfont
mktextfm LatinModernMath/OT
mktextfm LatinModernMath/OT
mktextfm LatinModernMath/OT
mktextfm LatinModernMath/B/OT
mktextfm LatinModernMath/OT
mktextfm LatinModernMath/OT
mktextfm LatinModernMath/OT
mktextfm LatinModernMath/OT
mktextfm LatinModernMath/OT
mktextfm LatinModernMath/OT
mktextfm LatinModernMath/B/OT
mktextfm LatinModernMath/OT
mktextfm LatinModernMath/OT
mktextfm LatinModernMath/OT
mktextfm LatinModernMath/OT
mktextfm LatinModernMath/OT
mktextfm TeXGyrePagellaMath/OT
mktextfm TeXGyrePagellaMath/OT
mktextfm TeXGyrePagellaMath/OT
mktextfm TeXGyrePagellaMath/B/OT
mktextfm TeXGyrePagellaMath/OT
mktextfm TeXGyrePagellaMath/OT
mktextfm TeXGyrePagellaMath/OT
mktextfm TeXGyrePagellaMath/OT
mktextfm TeXGyrePagellaMath/OT
mktextfm LatinModernMath/OT
mktextfm LatinModernMath/OT
mktextfm LatinModernMath/OT
mktextfm LatinModernMath/B/OT
mktextfm LatinModernMath/OT
mktextfm LatinModernMath/OT
mktextfm LatinModernMath/OT
mktextfm LatinModernMath/OT
mktextfm LatinModernMath/OT
mktextfm LatinModernMath/OT
mktextfm LatinModernMath/B/OT
mktextfm LatinModernMath/OT
mktextfm LatinModernMath/OT
mktextfm LatinModernMath/OT
mktextfm LatinModernMath/OT
mktextfm LatinModernMath/OT
mktextfm TeXGyrePagellaMath/OT
mktextfm TeXGyrePagellaMath/OT
mktextfm TeXGyrePagellaMath/OT
mktextfm TeXGyrePagellaMath/B/OT
mktextfm TeXGyrePagellaMath/OT
mktextfm TeXGyrePagellaMath/OT
mktextfm TeXGyrePagellaMath/OT
mktextfm TeXGyrePagellaMath/OT
mktextfm TeXGyrePagellaMath/OT
mktextfm LatinModernMath/OT
mktextfm LatinModernMath/OT
mktextfm LatinModernMath/OT
mktextfm LatinModernMath/B/OT
mktextfm LatinModernMath/OT
mktextfm LatinModernMath/OT
mktextfm LatinModernMath/OT
mktextfm LatinModernMath/OT
mktextfm LatinModernMath/OT
mktextfm LatinModernMath/OT
mktextfm LatinModernMath/B/OT
mktextfm LatinModernMath/OT
mktextfm LatinModernMath/OT
mktextfm LatinModernMath/OT
mktextfm LatinModernMath/OT
mktextfm LatinModernMath/OT
mktextfm TeXGyrePagellaMath/OT
mktextfm TeXGyrePagellaMath/OT
mktextfm TeXGyrePagellaMath/OT
mktextfm TeXGyrePagellaMath/B/OT
mktextfm TeXGyrePagellaMath/OT
mktextfm TeXGyrePagellaMath/OT
mktextfm TeXGyrePagellaMath/OT
mktextfm TeXGyrePagellaMath/OT
mktextfm TeXGyrePagellaMath/OT
mktextfm LatinModernMath/OT
mktextfm LatinModernMath/OT
mktextfm LatinModernMath/OT
mktextfm LatinModernMath/B/OT
mktextfm LatinModernMath/OT
mktextfm LatinModernMath/OT
mktextfm LatinModernMath/OT
mktextfm LatinModernMath/OT
mktextfm LatinModernMath/OT
mktextfm LatinModernMath/OT
mktextfm LatinModernMath/B/OT
mktextfm LatinModernMath/OT
mktextfm LatinModernMath/OT
mktextfm LatinModernMath/OT
mktextfm LatinModernMath/OT
mktextfm LatinModernMath/OT
mktextfm TeXGyrePagellaMath/OT
mktextfm TeXGyrePagellaMath/OT
mktextfm TeXGyrePagellaMath/OT
mktextfm TeXGyrePagellaMath/B/OT
mktextfm TeXGyrePagellaMath/OT
mktextfm TeXGyrePagellaMath/OT
mktextfm TeXGyrePagellaMath/OT
mktextfm TeXGyrePagellaMath/OT
mktextfm TeXGyrePagellaMath/OT
mktextfm LatinModernMath/OT
mktextfm LatinModernMath/OT
mktextfm LatinModernMath/OT
mktextfm LatinModernMath/B/OT
mktextfm LatinModernMath/OT
mktextfm LatinModernMath/OT
mktextfm LatinModernMath/OT
mktextfm LatinModernMath/OT
mktextfm LatinModernMath/OT
mktextfm LatinModernMath/OT
mktextfm LatinModernMath/B/OT
mktextfm LatinModernMath/OT
mktextfm LatinModernMath/OT
mktextfm LatinModernMath/OT
mktextfm LatinModernMath/OT
mktextfm LatinModernMath/OT
mktextfm TeXGyrePagellaMath/OT
mktextfm TeXGyrePagellaMath/OT
mktextfm TeXGyrePagellaMath/OT
mktextfm TeXGyrePagellaMath/B/OT
mktextfm TeXGyrePagellaMath/OT
mktextfm TeXGyrePagellaMath/OT
mktextfm TeXGyrePagellaMath/OT
mktextfm TeXGyrePagellaMath/OT
mktextfm TeXGyrePagellaMath/OT
mktextfm TeXGyrePagellaMath/OT
mktextfm TeXGyrePagellaMath/OT
